<?xml version="1.0" encoding="UTF-8"?>
<testsuite xmlns:xsi="http://www.w3.org/2001/XMLSchema-instance" xsi:noNamespaceSchemaLocation="https://maven.apache.org/surefire/maven-surefire-plugin/xsd/surefire-test-report.xsd" version="3.0.2" name="com.omnixys.cache.core.ValkeyKeyDefinitionTest" time="0.025" tests="3" errors="0" skipped="0" failures="0" flakes="0">
  <properties>
[...]
</properties>
  <testcase name="shouldRejectBlankPrefix" classname="com.omnixys.cache.core.ValkeyKeyDefinitionTest" time="0.013"/>
  <testcase name="shouldReportTtl" classname="com.omnixys.cache.core.ValkeyKeyDefinitionTest" time="0.003"/>
  <testcase name="shouldBuildKeyFromParts" classname="com.omnixys.cache.core.ValkeyKeyDefinitionTest" time="0.001"/>
</testsuite>